SF:lib/app/data/services/isar_service.dart
DA:16,1
DA:17,2
DA:18,2
DA:22,3
DA:25,1
DA:26,2
DA:27,1
DA:31,0
DA:33,0
DA:34,0
DA:35,0
DA:37,0
DA:39,0
DA:40,0
DA:45,0
DA:47,0
DA:50,0
DA:51,0
DA:54,0
DA:55,0
DA:58,0
DA:59,0
DA:61,0
DA:65,0
DA:66,0
DA:67,0
DA:68,0
DA:71,0
DA:74,0
DA:75,0
DA:76,0
DA:78,0
DA:82,0
DA:84,0
DA:85,0
DA:90,0
DA:92,0
DA:93,0
DA:94,0
DA:95,0
DA:96,0
DA:100,0
DA:101,0
DA:106,0
DA:108,0
DA:109,0
DA:111,0
DA:116,0
DA:118,0
DA:121,0
DA:124,0
DA:125,0
DA:127,0
DA:129,0
DA:134,0
DA:136,0
DA:138,0
DA:139,0
DA:140,0
DA:141,0
DA:143,0
DA:144,0
DA:149,0
DA:151,0
DA:152,0
DA:153,0
DA:156,0
DA:161,0
DA:163,0
DA:164,0
DA:165,0
DA:168,0
DA:173,1
DA:174,1
DA:175,0
DA:181,1
DA:182,1
DA:186,1
DA:187,1
DA:188,1
DA:191,2
DA:192,1
DA:193,1
DA:200,0
DA:201,0
DA:204,0
DA:205,0
DA:206,0
DA:208,2
DA:213,1
DA:216,1
DA:221,0
DA:222,0
DA:225,0
DA:226,0
DA:229,0
DA:231,0
DA:232,0
DA:237,0
DA:240,0
DA:242,0
DA:247,0
DA:252,0
DA:254,0
DA:255,0
DA:260,0
LF:106
LH:20
end_of_record
